<?xml version="1.0" encoding="UTF-8"?>
<testng-results ignored="0" total="1" passed="1" failed="0" skipped="0">
  <reporter-output>
  </reporter-output>
  <suite started-at="2026-02-13T12:35:32 IST" name="Surefire suite" finished-at="2026-02-13T12:35:37 IST" duration-ms="4821">
    <groups>
    </groups>
    <test started-at="2026-02-13T12:35:32 IST" name="Surefire test" finished-at="2026-02-13T12:35:37 IST" duration-ms="4821">
      <class name="com.wipro.techademy.tests.Test1">
        <test-method signature="openGoogle()[pri:0, instance:com.wipro.techademy.tests.Test1@7a4ccb53]" started-at="2026-02-13T12:35:32 IST" name="openGoogle" finished-at="2026-02-13T12:35:36 IST" duration-ms="4752" status="PASS">
          <reporter-output>
          </reporter-output>
        </test-method> <!-- openGoogle -->
      </class> <!-- com.wipro.techademy.tests.Test1 -->
    </test> <!-- Surefire test -->
  </suite> <!-- Surefire suite -->
</testng-results>
